<?xml version="1.0" encoding="UTF-8"?>
<!-- Generated by org.testng.reporters.JUnitReportReporter -->
<testsuite hostname="Pratham-Home-Desktop" failures="0" tests="5" name="Test.PriorityExample" time="0.020" errors="0" timestamp="2024-07-10T15:56:40 IST" skipped="0">
  <testcase classname="Test.PriorityExample" name="tc4" time="0.002"/>
  <system-out/>
  <testcase classname="Test.PriorityExample" name="tc1" time="0.014"/>
  <system-out/>
  <testcase classname="Test.PriorityExample" name="tc3" time="0.002"/>
  <system-out/>
  <testcase classname="Test.PriorityExample" name="tc2" time="0.001"/>
  <system-out/>
  <testcase classname="Test.PriorityExample" name="tc5" time="0.001"/>
  <system-out/>
</testsuite> <!-- Test.PriorityExample -->
