<?xml version="1.0" encoding="UTF-8"?>
<!-- Generated by org.testng.reporters.JUnitReportReporter -->
<testsuite hostname="Pratham-Home-Desktop" failures="0" tests="2" name="Test.AllAnotations" time="0.014" errors="0" timestamp="2024-07-10T00:37:15 IST" skipped="0">
  <testcase classname="Test.AllAnotations" name="tc2" time="0.005"/>
  <system-out/>
  <testcase classname="Test.AllAnotations" name="tc1" time="0.009"/>
  <system-out/>
</testsuite> <!-- Test.AllAnotations -->
