<?xml version="1.0" encoding="UTF-8"?>
<!-- Generated by org.testng.reporters.JUnitReportReporter -->
<testsuite hostname="Pratham-Home-Desktop" failures="0" tests="2" name="Test.AssertExample" time="0.024" errors="0" timestamp="2024-07-12T14:26:07 IST" skipped="0">
  <testcase classname="Test.AssertExample" name="TC2" time="0.002"/>
  <system-out/>
  <testcase classname="Test.AssertExample" name="TC1" time="0.022"/>
  <system-out/>
</testsuite> <!-- Test.AssertExample -->
