<?xml version="1.0" encoding="UTF-8"?>
<!-- Generated by org.testng.reporters.JUnitReportReporter -->
<testsuite hostname="Pratham-Home-Desktop" failures="0" tests="5" name="Test.DefaultGroup" time="0.022" errors="0" timestamp="2024-07-11T11:57:13 IST" skipped="0">
  <testcase classname="Test.DefaultGroup" name="tc2" time="0.002"/>
  <system-out/>
  <testcase classname="Test.DefaultGroup" name="tc4" time="0.002"/>
  <system-out/>
  <testcase classname="Test.DefaultGroup" name="tc5" time="0.002"/>
  <system-out/>
  <testcase classname="Test.DefaultGroup" name="tc1" time="0.014"/>
  <system-out/>
  <testcase classname="Test.DefaultGroup" name="tc3" time="0.002"/>
  <system-out/>
</testsuite> <!-- Test.DefaultGroup -->
