<?xml version="1.0" encoding="UTF-8"?>
<!-- Generated by org.testng.reporters.JUnitReportReporter -->
<testsuite hostname="Pratham-Home-Desktop" failures="0" tests="3" name="Test.NewTest" time="0.013" errors="0" timestamp="2024-07-10T16:39:13 IST" skipped="0">
  <testcase classname="Test.NewTest" name="method" time="0.010"/>
  <system-out/>
  <testcase classname="Test.NewTest" name="method2" time="0.001"/>
  <system-out/>
  <testcase classname="Test.NewTest" name="method1" time="0.002"/>
  <system-out/>
</testsuite> <!-- Test.NewTest -->
