<?xml version="1.0" encoding="UTF-8"?>
<!-- Generated by org.testng.reporters.JUnitReportReporter -->
<testsuite hostname="Pratham-Home-Desktop" failures="0" tests="5" name="Test.GroupExapmle" time="0.016" errors="0" timestamp="2024-07-11T10:41:29 IST" skipped="0">
  <testcase classname="Test.GroupExapmle" name="tc2" time="0.001"/>
  <system-out/>
  <testcase classname="Test.GroupExapmle" name="tc4" time="0.001"/>
  <system-out/>
  <testcase classname="Test.GroupExapmle" name="tc1" time="0.012"/>
  <system-out/>
  <testcase classname="Test.GroupExapmle" name="tc3" time="0.001"/>
  <system-out/>
  <testcase classname="Test.GroupExapmle" name="tc5" time="0.001"/>
  <system-out/>
</testsuite> <!-- Test.GroupExapmle -->
