<?xml version="1.0" encoding="UTF-8"?>
<!-- Generated by org.testng.reporters.JUnitReportReporter -->
<testsuite hostname="Pratham-Home-Desktop" failures="0" tests="3" name="Test.DepenedentExamples" time="0.019" errors="0" timestamp="2024-07-10T16:27:14 IST" skipped="0">
  <testcase classname="Test.DepenedentExamples" name="deleteUser" time="0.002"/>
  <system-out/>
  <testcase classname="Test.DepenedentExamples" name="createUser" time="0.016"/>
  <system-out/>
  <testcase classname="Test.DepenedentExamples" name="updateUser" time="0.001"/>
  <system-out/>
</testsuite> <!-- Test.DepenedentExamples -->
