<?xml version="1.0" encoding="UTF-8"?>
<!-- Generated by org.testng.reporters.JUnitReportReporter -->
<testsuite hostname="Pratham-Home-Desktop" failures="0" tests="2" name="Test.SoftAssertExample" time="0.019" errors="0" timestamp="2024-07-12T14:35:18 IST" skipped="0">
  <testcase classname="Test.SoftAssertExample" name="TC1" time="0.018"/>
  <system-out>
    <![CDATA[a = 5]]>
  </system-out>
  <testcase classname="Test.SoftAssertExample" name="TC2" time="0.001"/>
  <system-out/>
</testsuite> <!-- Test.SoftAssertExample -->
