<?xml version="1.0" encoding="UTF-8"?>
<!-- Generated by org.testng.reporters.JUnitReportReporter -->
<testsuite hostname="Pratham-Home-Desktop" failures="0" tests="2" name="Test.ParameterExample" time="0.015" errors="0" timestamp="2024-07-12T14:50:28 IST" skipped="0">
  <testcase classname="Test.ParameterExample" name="validLogin" time="0.001"/>
  <system-out>
    <![CDATA[username = dan@gmail.com
password = test123]]>
  </system-out>
  <testcase classname="Test.ParameterExample" name="invalidLogin" time="0.014"/>
  <system-out>
    <![CDATA[username = in-dan@gmail.com
password = in-test123]]>
  </system-out>
</testsuite> <!-- Test.ParameterExample -->
