<?xml version="1.0" encoding="UTF-8"?>
<!-- Generated by org.testng.reporters.JUnitReportReporter -->
<testsuite hostname="Pratham-Home-Desktop" failures="0" tests="1" name="Test.TestAnnotationDemo" time="0.015" errors="0" timestamp="2024-07-10T15:36:50 IST" skipped="0">
  <testcase classname="Test.TestAnnotationDemo" name="CreateUser" time="0.015"/>
  <system-out/>
</testsuite> <!-- Test.TestAnnotationDemo -->
